<?xml version="1.0" encoding="utf-8"?><testsuites><testsuite name="pytest" errors="0" failures="0" skipped="0" tests="9" time="92.850" timestamp="2021-10-18T19:02:42.055701" hostname="Celusion-Lap2"><testcase classname="test_create_new_application.TestCreateNewApplication" name="test_create_new_application[get_application_data0]" time="24.524" /><testcase classname="test_list.TestList" name="test_list[get_application_data0]" time="24.329" /><testcase classname="test_login.TestLogin" name="test_login[get_data0]" time="25.745" /><testcase classname="test_login.TestLogin" name="test_login[get_data1]" time="0.814" /><testcase classname="test_login.TestLogin" name="test_login[get_data2]" time="0.803" /><testcase classname="test_login.TestLogin" name="test_login[get_data3]" time="1.188" /><testcase classname="test_login.TestLogin" name="test_login[get_data4]" time="0.705" /><testcase classname="test_login.TestLogin" name="test_login[get_data5]" time="1.378" /><testcase classname="test_new_application.TestNewApplication" name="test_new_application[get_data0]" time="13.217" /></testsuite></testsuites>